<?xml version="1.0" encoding="UTF-8"?>
<testsuite xmlns:xsi="http://www.w3.org/2001/XMLSchema-instance" xsi:noNamespaceSchemaLocation="https://maven.apache.org/surefire/maven-surefire-plugin/xsd/surefire-test-report-3.0.xsd" version="3.0" name="com.indus.training.persist.test.EmployeeDepartmentDAOTest" time="13.705" tests="5" errors="0" skipped="0" failures="0">
  <properties>
[...]
</properties>
  <testcase name="testSave" classname="com.indus.training.persist.test.EmployeeDepartmentDAOTest" time="2.888">
    <system-out><![CDATA[Hibernate: 
    insert 
    into
        EmployeeDepartment
        (EmployeeID, DepartmentID) 
    values
        (?, ?)
Hibernate: 
    select
        employeede0_.EmployeeID as Employee1_2_0_,
        employeede0_.DepartmentID as Departme2_2_0_ 
    from
        EmployeeDepartment employeede0_ 
    where
        employeede0_.EmployeeID=? 
        and employeede0_.DepartmentID=?
]]></system-out>
    <system-err><![CDATA[Sep 30, 2024 1:22:31 AM org.hibernate.cfg.Configuration configure
INFO: HHH000043: Configuring from resource: /hibernate.cfg.xml
Sep 30, 2024 1:22:31 AM org.hibernate.cfg.Configuration getConfigurationInputStream
INFO: HHH000040: Configuration resource: /hibernate.cfg.xml
Sep 30, 2024 1:22:31 AM org.hibernate.cfg.Configuration addResource
INFO: HHH000221: Reading mappings from resource: Employee.hbm.xml
Sep 30, 2024 1:22:31 AM org.hibernate.cfg.Configuration addResource
INFO: HHH000221: Reading mappings from resource: Address.hbm.xml
Sep 30, 2024 1:22:31 AM org.hibernate.cfg.Configuration addResource
INFO: HHH000221: Reading mappings from resource: EmployeeDepartment.hbm.xml
Sep 30, 2024 1:22:31 AM org.hibernate.cfg.Configuration doConfigure
INFO: HHH000041: Configured SessionFactory: null
Sep 30, 2024 1:22:31 AM org.hibernate.service.jdbc.connections.internal.ConnectionProviderInitiator c3p0ProviderPresent
WARN: HHH000022: c3p0 properties were encountered, but the org.hibernate.service.jdbc.connections.internal.C3P0ConnectionProvider provider class was not found on the classpath; these properties are going to be ignored.
Sep 30, 2024 1:22:31 AM org.hibernate.service.jdbc.connections.internal.DriverManagerConnectionProviderImpl configure
WARN: HHH000402: Using Hibernate built-in connection pool (not for production use!)
Sep 30, 2024 1:22:31 AM org.hibernate.service.jdbc.connections.internal.DriverManagerConnectionProviderImpl configure
INFO: HHH000115: Hibernate connection pool size: 20
Sep 30, 2024 1:22:31 AM org.hibernate.service.jdbc.connections.internal.DriverManagerConnectionProviderImpl configure
INFO: HHH000006: Autocommit mode: false
Sep 30, 2024 1:22:31 AM org.hibernate.service.jdbc.connections.internal.DriverManagerConnectionProviderImpl configure
INFO: HHH000401: using driver [com.microsoft.sqlserver.jdbc.SQLServerDriver] at URL [jdbc:sqlserver://phani\\SQLEXPRESS:1433;databaseName=EmployeeInfo;encrypt=true;trustServerCertificate=true]
Sep 30, 2024 1:22:31 AM org.hibernate.service.jdbc.connections.internal.DriverManagerConnectionProviderImpl configure
INFO: HHH000046: Connection properties: {password=****, user=phani}
Sep 30, 2024 1:22:31 AM org.hibernate.dialect.Dialect <init>
INFO: HHH000400: Using dialect: org.hibernate.dialect.SQLServerDialect
Sep 30, 2024 1:22:31 AM org.hibernate.engine.transaction.internal.TransactionFactoryInitiator initiateService
INFO: HHH000399: Using default transaction strategy (direct JDBC transactions)
Sep 30, 2024 1:22:31 AM org.hibernate.hql.internal.ast.ASTQueryTranslatorFactory <init>
INFO: HHH000397: Using ASTQueryTranslatorFactory
Sep 30, 2024 1:22:31 AM org.hibernate.tool.hbm2ddl.SchemaUpdate execute
INFO: HHH000228: Running hbm2ddl schema update
Sep 30, 2024 1:22:31 AM org.hibernate.tool.hbm2ddl.SchemaUpdate execute
INFO: HHH000102: Fetching database metadata
Sep 30, 2024 1:22:31 AM org.hibernate.tool.hbm2ddl.SchemaUpdate execute
INFO: HHH000396: Updating schema
Sep 30, 2024 1:22:32 AM org.hibernate.tool.hbm2ddl.TableMetadata <init>
INFO: HHH000261: Table found: EmployeeInfo.dbo.Address
Sep 30, 2024 1:22:32 AM org.hibernate.tool.hbm2ddl.TableMetadata <init>
INFO: HHH000037: Columns: [country, city, street, addressid]
Sep 30, 2024 1:22:32 AM org.hibernate.tool.hbm2ddl.TableMetadata <init>
INFO: HHH000108: Foreign keys: []
Sep 30, 2024 1:22:32 AM org.hibernate.tool.hbm2ddl.TableMetadata <init>
INFO: HHH000126: Indexes: [pk__address__091c2a1b694c45da]
Sep 30, 2024 1:22:33 AM org.hibernate.tool.hbm2ddl.TableMetadata <init>
INFO: HHH000261: Table found: EmployeeInfo.dbo.Employee
Sep 30, 2024 1:22:33 AM org.hibernate.tool.hbm2ddl.TableMetadata <init>
INFO: HHH000037: Columns: [firstname, employeeid, lastname, addressid]
Sep 30, 2024 1:22:33 AM org.hibernate.tool.hbm2ddl.TableMetadata <init>
INFO: HHH000108: Foreign keys: [fk__employee__addres__3f466844, fk_nre5lovrsysdbvdtqwh762w38]
Sep 30, 2024 1:22:33 AM org.hibernate.tool.hbm2ddl.TableMetadata <init>
INFO: HHH000126: Indexes: [pk__employee__7ad04ff1966f29d5]
Sep 30, 2024 1:22:34 AM org.hibernate.tool.hbm2ddl.TableMetadata <init>
INFO: HHH000261: Table found: EmployeeInfo.dbo.EmployeeDepartment
Sep 30, 2024 1:22:34 AM org.hibernate.tool.hbm2ddl.TableMetadata <init>
INFO: HHH000037: Columns: [departmentid, employeeid]
Sep 30, 2024 1:22:34 AM org.hibernate.tool.hbm2ddl.TableMetadata <init>
INFO: HHH000108: Foreign keys: []
Sep 30, 2024 1:22:34 AM org.hibernate.tool.hbm2ddl.TableMetadata <init>
INFO: HHH000126: Indexes: [pk__employee__b1f0364dece731bb]
Sep 30, 2024 1:22:34 AM org.hibernate.tool.hbm2ddl.SchemaUpdate execute
INFO: HHH000232: Schema update complete
]]></system-err>
  </testcase>
  <testcase name="testFindById" classname="com.indus.training.persist.test.EmployeeDepartmentDAOTest" time="2.809">
    <system-out><![CDATA[Hibernate: 
    insert 
    into
        EmployeeDepartment
        (EmployeeID, DepartmentID) 
    values
        (?, ?)
Hibernate: 
    select
        employeede0_.EmployeeID as Employee1_2_0_,
        employeede0_.DepartmentID as Departme2_2_0_ 
    from
        EmployeeDepartment employeede0_ 
    where
        employeede0_.EmployeeID=? 
        and employeede0_.DepartmentID=?
]]></system-out>
    <system-err><![CDATA[Sep 30, 2024 1:22:34 AM org.hibernate.cfg.Configuration configure
INFO: HHH000043: Configuring from resource: /hibernate.cfg.xml
Sep 30, 2024 1:22:34 AM org.hibernate.cfg.Configuration getConfigurationInputStream
INFO: HHH000040: Configuration resource: /hibernate.cfg.xml
Sep 30, 2024 1:22:34 AM org.hibernate.cfg.Configuration addResource
INFO: HHH000221: Reading mappings from resource: Employee.hbm.xml
Sep 30, 2024 1:22:34 AM org.hibernate.cfg.Configuration addResource
INFO: HHH000221: Reading mappings from resource: Address.hbm.xml
Sep 30, 2024 1:22:34 AM org.hibernate.cfg.Configuration addResource
INFO: HHH000221: Reading mappings from resource: EmployeeDepartment.hbm.xml
Sep 30, 2024 1:22:34 AM org.hibernate.cfg.Configuration doConfigure
INFO: HHH000041: Configured SessionFactory: null
Sep 30, 2024 1:22:34 AM org.hibernate.service.jdbc.connections.internal.ConnectionProviderInitiator c3p0ProviderPresent
WARN: HHH000022: c3p0 properties were encountered, but the org.hibernate.service.jdbc.connections.internal.C3P0ConnectionProvider provider class was not found on the classpath; these properties are going to be ignored.
Sep 30, 2024 1:22:34 AM org.hibernate.service.jdbc.connections.internal.DriverManagerConnectionProviderImpl configure
WARN: HHH000402: Using Hibernate built-in connection pool (not for production use!)
Sep 30, 2024 1:22:34 AM org.hibernate.service.jdbc.connections.internal.DriverManagerConnectionProviderImpl configure
INFO: HHH000115: Hibernate connection pool size: 20
Sep 30, 2024 1:22:34 AM org.hibernate.service.jdbc.connections.internal.DriverManagerConnectionProviderImpl configure
INFO: HHH000006: Autocommit mode: false
Sep 30, 2024 1:22:34 AM org.hibernate.service.jdbc.connections.internal.DriverManagerConnectionProviderImpl configure
INFO: HHH000401: using driver [com.microsoft.sqlserver.jdbc.SQLServerDriver] at URL [jdbc:sqlserver://phani\\SQLEXPRESS:1433;databaseName=EmployeeInfo;encrypt=true;trustServerCertificate=true]
Sep 30, 2024 1:22:34 AM org.hibernate.service.jdbc.connections.internal.DriverManagerConnectionProviderImpl configure
INFO: HHH000046: Connection properties: {password=****, user=phani}
Sep 30, 2024 1:22:34 AM org.hibernate.dialect.Dialect <init>
INFO: HHH000400: Using dialect: org.hibernate.dialect.SQLServerDialect
Sep 30, 2024 1:22:34 AM org.hibernate.engine.transaction.internal.TransactionFactoryInitiator initiateService
INFO: HHH000399: Using default transaction strategy (direct JDBC transactions)
Sep 30, 2024 1:22:34 AM org.hibernate.hql.internal.ast.ASTQueryTranslatorFactory <init>
INFO: HHH000397: Using ASTQueryTranslatorFactory
Sep 30, 2024 1:22:34 AM org.hibernate.tool.hbm2ddl.SchemaUpdate execute
INFO: HHH000228: Running hbm2ddl schema update
Sep 30, 2024 1:22:34 AM org.hibernate.tool.hbm2ddl.SchemaUpdate execute
INFO: HHH000102: Fetching database metadata
Sep 30, 2024 1:22:34 AM org.hibernate.tool.hbm2ddl.SchemaUpdate execute
INFO: HHH000396: Updating schema
Sep 30, 2024 1:22:35 AM org.hibernate.tool.hbm2ddl.TableMetadata <init>
INFO: HHH000261: Table found: EmployeeInfo.dbo.Address
Sep 30, 2024 1:22:35 AM org.hibernate.tool.hbm2ddl.TableMetadata <init>
INFO: HHH000037: Columns: [country, city, street, addressid]
Sep 30, 2024 1:22:35 AM org.hibernate.tool.hbm2ddl.TableMetadata <init>
INFO: HHH000108: Foreign keys: []
Sep 30, 2024 1:22:35 AM org.hibernate.tool.hbm2ddl.TableMetadata <init>
INFO: HHH000126: Indexes: [pk__address__091c2a1b694c45da]
Sep 30, 2024 1:22:36 AM org.hibernate.tool.hbm2ddl.TableMetadata <init>
INFO: HHH000261: Table found: EmployeeInfo.dbo.Employee
Sep 30, 2024 1:22:36 AM org.hibernate.tool.hbm2ddl.TableMetadata <init>
INFO: HHH000037: Columns: [firstname, employeeid, lastname, addressid]
Sep 30, 2024 1:22:36 AM org.hibernate.tool.hbm2ddl.TableMetadata <init>
INFO: HHH000108: Foreign keys: [fk__employee__addres__3f466844, fk_nre5lovrsysdbvdtqwh762w38]
Sep 30, 2024 1:22:36 AM org.hibernate.tool.hbm2ddl.TableMetadata <init>
INFO: HHH000126: Indexes: [pk__employee__7ad04ff1966f29d5]
Sep 30, 2024 1:22:36 AM org.hibernate.tool.hbm2ddl.TableMetadata <init>
INFO: HHH000261: Table found: EmployeeInfo.dbo.EmployeeDepartment
Sep 30, 2024 1:22:36 AM org.hibernate.tool.hbm2ddl.TableMetadata <init>
INFO: HHH000037: Columns: [departmentid, employeeid]
Sep 30, 2024 1:22:36 AM org.hibernate.tool.hbm2ddl.TableMetadata <init>
INFO: HHH000108: Foreign keys: []
Sep 30, 2024 1:22:36 AM org.hibernate.tool.hbm2ddl.TableMetadata <init>
INFO: HHH000126: Indexes: [pk__employee__b1f0364dece731bb]
Sep 30, 2024 1:22:36 AM org.hibernate.tool.hbm2ddl.SchemaUpdate execute
INFO: HHH000232: Schema update complete
]]></system-err>
  </testcase>
  <testcase name="testDelete" classname="com.indus.training.persist.test.EmployeeDepartmentDAOTest" time="2.788">
    <system-out><![CDATA[Hibernate: 
    insert 
    into
        EmployeeDepartment
        (EmployeeID, DepartmentID) 
    values
        (?, ?)
Hibernate: 
    select
        employeede0_.EmployeeID as Employee1_2_0_,
        employeede0_.DepartmentID as Departme2_2_0_ 
    from
        EmployeeDepartment employeede0_ 
    where
        employeede0_.EmployeeID=? 
        and employeede0_.DepartmentID=?
Hibernate: 
    delete 
    from
        EmployeeDepartment 
    where
        EmployeeID=? 
        and DepartmentID=?
Hibernate: 
    select
        employeede0_.EmployeeID as Employee1_2_0_,
        employeede0_.DepartmentID as Departme2_2_0_ 
    from
        EmployeeDepartment employeede0_ 
    where
        employeede0_.EmployeeID=? 
        and employeede0_.DepartmentID=?
]]></system-out>
    <system-err><![CDATA[Sep 30, 2024 1:22:36 AM org.hibernate.cfg.Configuration configure
INFO: HHH000043: Configuring from resource: /hibernate.cfg.xml
Sep 30, 2024 1:22:36 AM org.hibernate.cfg.Configuration getConfigurationInputStream
INFO: HHH000040: Configuration resource: /hibernate.cfg.xml
Sep 30, 2024 1:22:36 AM org.hibernate.cfg.Configuration addResource
INFO: HHH000221: Reading mappings from resource: Employee.hbm.xml
Sep 30, 2024 1:22:36 AM org.hibernate.cfg.Configuration addResource
INFO: HHH000221: Reading mappings from resource: Address.hbm.xml
Sep 30, 2024 1:22:36 AM org.hibernate.cfg.Configuration addResource
INFO: HHH000221: Reading mappings from resource: EmployeeDepartment.hbm.xml
Sep 30, 2024 1:22:36 AM org.hibernate.cfg.Configuration doConfigure
INFO: HHH000041: Configured SessionFactory: null
Sep 30, 2024 1:22:36 AM org.hibernate.service.jdbc.connections.internal.ConnectionProviderInitiator c3p0ProviderPresent
WARN: HHH000022: c3p0 properties were encountered, but the org.hibernate.service.jdbc.connections.internal.C3P0ConnectionProvider provider class was not found on the classpath; these properties are going to be ignored.
Sep 30, 2024 1:22:36 AM org.hibernate.service.jdbc.connections.internal.DriverManagerConnectionProviderImpl configure
WARN: HHH000402: Using Hibernate built-in connection pool (not for production use!)
Sep 30, 2024 1:22:36 AM org.hibernate.service.jdbc.connections.internal.DriverManagerConnectionProviderImpl configure
INFO: HHH000115: Hibernate connection pool size: 20
Sep 30, 2024 1:22:36 AM org.hibernate.service.jdbc.connections.internal.DriverManagerConnectionProviderImpl configure
INFO: HHH000006: Autocommit mode: false
Sep 30, 2024 1:22:36 AM org.hibernate.service.jdbc.connections.internal.DriverManagerConnectionProviderImpl configure
INFO: HHH000401: using driver [com.microsoft.sqlserver.jdbc.SQLServerDriver] at URL [jdbc:sqlserver://phani\\SQLEXPRESS:1433;databaseName=EmployeeInfo;encrypt=true;trustServerCertificate=true]
Sep 30, 2024 1:22:36 AM org.hibernate.service.jdbc.connections.internal.DriverManagerConnectionProviderImpl configure
INFO: HHH000046: Connection properties: {password=****, user=phani}
Sep 30, 2024 1:22:37 AM org.hibernate.dialect.Dialect <init>
INFO: HHH000400: Using dialect: org.hibernate.dialect.SQLServerDialect
Sep 30, 2024 1:22:37 AM org.hibernate.engine.transaction.internal.TransactionFactoryInitiator initiateService
INFO: HHH000399: Using default transaction strategy (direct JDBC transactions)
Sep 30, 2024 1:22:37 AM org.hibernate.hql.internal.ast.ASTQueryTranslatorFactory <init>
INFO: HHH000397: Using ASTQueryTranslatorFactory
Sep 30, 2024 1:22:37 AM org.hibernate.tool.hbm2ddl.SchemaUpdate execute
INFO: HHH000228: Running hbm2ddl schema update
Sep 30, 2024 1:22:37 AM org.hibernate.tool.hbm2ddl.SchemaUpdate execute
INFO: HHH000102: Fetching database metadata
Sep 30, 2024 1:22:37 AM org.hibernate.tool.hbm2ddl.SchemaUpdate execute
INFO: HHH000396: Updating schema
Sep 30, 2024 1:22:37 AM org.hibernate.tool.hbm2ddl.TableMetadata <init>
INFO: HHH000261: Table found: EmployeeInfo.dbo.Address
Sep 30, 2024 1:22:37 AM org.hibernate.tool.hbm2ddl.TableMetadata <init>
INFO: HHH000037: Columns: [country, city, street, addressid]
Sep 30, 2024 1:22:37 AM org.hibernate.tool.hbm2ddl.TableMetadata <init>
INFO: HHH000108: Foreign keys: []
Sep 30, 2024 1:22:37 AM org.hibernate.tool.hbm2ddl.TableMetadata <init>
INFO: HHH000126: Indexes: [pk__address__091c2a1b694c45da]
Sep 30, 2024 1:22:38 AM org.hibernate.tool.hbm2ddl.TableMetadata <init>
INFO: HHH000261: Table found: EmployeeInfo.dbo.Employee
Sep 30, 2024 1:22:38 AM org.hibernate.tool.hbm2ddl.TableMetadata <init>
INFO: HHH000037: Columns: [firstname, employeeid, lastname, addressid]
Sep 30, 2024 1:22:38 AM org.hibernate.tool.hbm2ddl.TableMetadata <init>
INFO: HHH000108: Foreign keys: [fk__employee__addres__3f466844, fk_nre5lovrsysdbvdtqwh762w38]
Sep 30, 2024 1:22:38 AM org.hibernate.tool.hbm2ddl.TableMetadata <init>
INFO: HHH000126: Indexes: [pk__employee__7ad04ff1966f29d5]
Sep 30, 2024 1:22:39 AM org.hibernate.tool.hbm2ddl.TableMetadata <init>
INFO: HHH000261: Table found: EmployeeInfo.dbo.EmployeeDepartment
Sep 30, 2024 1:22:39 AM org.hibernate.tool.hbm2ddl.TableMetadata <init>
INFO: HHH000037: Columns: [departmentid, employeeid]
Sep 30, 2024 1:22:39 AM org.hibernate.tool.hbm2ddl.TableMetadata <init>
INFO: HHH000108: Foreign keys: []
Sep 30, 2024 1:22:39 AM org.hibernate.tool.hbm2ddl.TableMetadata <init>
INFO: HHH000126: Indexes: [pk__employee__b1f0364dece731bb]
Sep 30, 2024 1:22:39 AM org.hibernate.tool.hbm2ddl.SchemaUpdate execute
INFO: HHH000232: Schema update complete
]]></system-err>
  </testcase>
  <testcase name="testInsert" classname="com.indus.training.persist.test.EmployeeDepartmentDAOTest" time="2.495">
    <system-err><![CDATA[Sep 30, 2024 1:22:39 AM org.hibernate.cfg.Configuration configure
INFO: HHH000043: Configuring from resource: /hibernate.cfg.xml
Sep 30, 2024 1:22:39 AM org.hibernate.cfg.Configuration getConfigurationInputStream
INFO: HHH000040: Configuration resource: /hibernate.cfg.xml
Sep 30, 2024 1:22:39 AM org.hibernate.cfg.Configuration addResource
INFO: HHH000221: Reading mappings from resource: Employee.hbm.xml
Sep 30, 2024 1:22:39 AM org.hibernate.cfg.Configuration addResource
INFO: HHH000221: Reading mappings from resource: Address.hbm.xml
Sep 30, 2024 1:22:39 AM org.hibernate.cfg.Configuration addResource
INFO: HHH000221: Reading mappings from resource: EmployeeDepartment.hbm.xml
Sep 30, 2024 1:22:39 AM org.hibernate.cfg.Configuration doConfigure
INFO: HHH000041: Configured SessionFactory: null
Sep 30, 2024 1:22:39 AM org.hibernate.service.jdbc.connections.internal.ConnectionProviderInitiator c3p0ProviderPresent
WARN: HHH000022: c3p0 properties were encountered, but the org.hibernate.service.jdbc.connections.internal.C3P0ConnectionProvider provider class was not found on the classpath; these properties are going to be ignored.
Sep 30, 2024 1:22:39 AM org.hibernate.service.jdbc.connections.internal.DriverManagerConnectionProviderImpl configure
WARN: HHH000402: Using Hibernate built-in connection pool (not for production use!)
Sep 30, 2024 1:22:39 AM org.hibernate.service.jdbc.connections.internal.DriverManagerConnectionProviderImpl configure
INFO: HHH000115: Hibernate connection pool size: 20
Sep 30, 2024 1:22:39 AM org.hibernate.service.jdbc.connections.internal.DriverManagerConnectionProviderImpl configure
INFO: HHH000006: Autocommit mode: false
Sep 30, 2024 1:22:39 AM org.hibernate.service.jdbc.connections.internal.DriverManagerConnectionProviderImpl configure
INFO: HHH000401: using driver [com.microsoft.sqlserver.jdbc.SQLServerDriver] at URL [jdbc:sqlserver://phani\\SQLEXPRESS:1433;databaseName=EmployeeInfo;encrypt=true;trustServerCertificate=true]
Sep 30, 2024 1:22:39 AM org.hibernate.service.jdbc.connections.internal.DriverManagerConnectionProviderImpl configure
INFO: HHH000046: Connection properties: {password=****, user=phani}
Sep 30, 2024 1:22:39 AM org.hibernate.dialect.Dialect <init>
INFO: HHH000400: Using dialect: org.hibernate.dialect.SQLServerDialect
Sep 30, 2024 1:22:39 AM org.hibernate.engine.transaction.internal.TransactionFactoryInitiator initiateService
INFO: HHH000399: Using default transaction strategy (direct JDBC transactions)
Sep 30, 2024 1:22:39 AM org.hibernate.hql.internal.ast.ASTQueryTranslatorFactory <init>
INFO: HHH000397: Using ASTQueryTranslatorFactory
Sep 30, 2024 1:22:39 AM org.hibernate.tool.hbm2ddl.SchemaUpdate execute
INFO: HHH000228: Running hbm2ddl schema update
Sep 30, 2024 1:22:39 AM org.hibernate.tool.hbm2ddl.SchemaUpdate execute
INFO: HHH000102: Fetching database metadata
Sep 30, 2024 1:22:39 AM org.hibernate.tool.hbm2ddl.SchemaUpdate execute
INFO: HHH000396: Updating schema
Sep 30, 2024 1:22:40 AM org.hibernate.tool.hbm2ddl.TableMetadata <init>
INFO: HHH000261: Table found: EmployeeInfo.dbo.Address
Sep 30, 2024 1:22:40 AM org.hibernate.tool.hbm2ddl.TableMetadata <init>
INFO: HHH000037: Columns: [country, city, street, addressid]
Sep 30, 2024 1:22:40 AM org.hibernate.tool.hbm2ddl.TableMetadata <init>
INFO: HHH000108: Foreign keys: []
Sep 30, 2024 1:22:40 AM org.hibernate.tool.hbm2ddl.TableMetadata <init>
INFO: HHH000126: Indexes: [pk__address__091c2a1b694c45da]
Sep 30, 2024 1:22:41 AM org.hibernate.tool.hbm2ddl.TableMetadata <init>
INFO: HHH000261: Table found: EmployeeInfo.dbo.Employee
Sep 30, 2024 1:22:41 AM org.hibernate.tool.hbm2ddl.TableMetadata <init>
INFO: HHH000037: Columns: [firstname, employeeid, lastname, addressid]
Sep 30, 2024 1:22:41 AM org.hibernate.tool.hbm2ddl.TableMetadata <init>
INFO: HHH000108: Foreign keys: [fk__employee__addres__3f466844, fk_nre5lovrsysdbvdtqwh762w38]
Sep 30, 2024 1:22:41 AM org.hibernate.tool.hbm2ddl.TableMetadata <init>
INFO: HHH000126: Indexes: [pk__employee__7ad04ff1966f29d5]
Sep 30, 2024 1:22:42 AM org.hibernate.tool.hbm2ddl.TableMetadata <init>
INFO: HHH000261: Table found: EmployeeInfo.dbo.EmployeeDepartment
Sep 30, 2024 1:22:42 AM org.hibernate.tool.hbm2ddl.TableMetadata <init>
INFO: HHH000037: Columns: [departmentid, employeeid]
Sep 30, 2024 1:22:42 AM org.hibernate.tool.hbm2ddl.TableMetadata <init>
INFO: HHH000108: Foreign keys: []
Sep 30, 2024 1:22:42 AM org.hibernate.tool.hbm2ddl.TableMetadata <init>
INFO: HHH000126: Indexes: [pk__employee__b1f0364dece731bb]
Sep 30, 2024 1:22:42 AM org.hibernate.tool.hbm2ddl.SchemaUpdate execute
INFO: HHH000232: Schema update complete
]]></system-err>
  </testcase>
  <testcase name="testUpdate" classname="com.indus.training.persist.test.EmployeeDepartmentDAOTest" time="2.72">
    <system-out><![CDATA[Hibernate: 
    insert 
    into
        EmployeeDepartment
        (EmployeeID, DepartmentID) 
    values
        (?, ?)
Hibernate: 
    select
        employeede0_.EmployeeID as Employee1_2_0_,
        employeede0_.DepartmentID as Departme2_2_0_ 
    from
        EmployeeDepartment employeede0_ 
    where
        employeede0_.EmployeeID=? 
        and employeede0_.DepartmentID=?
Hibernate: 
    select
        employeede0_.EmployeeID as Employee1_2_0_,
        employeede0_.DepartmentID as Departme2_2_0_ 
    from
        EmployeeDepartment employeede0_ 
    where
        employeede0_.EmployeeID=? 
        and employeede0_.DepartmentID=?
]]></system-out>
    <system-err><![CDATA[Sep 30, 2024 1:22:42 AM org.hibernate.cfg.Configuration configure
INFO: HHH000043: Configuring from resource: /hibernate.cfg.xml
Sep 30, 2024 1:22:42 AM org.hibernate.cfg.Configuration getConfigurationInputStream
INFO: HHH000040: Configuration resource: /hibernate.cfg.xml
Sep 30, 2024 1:22:42 AM org.hibernate.cfg.Configuration addResource
INFO: HHH000221: Reading mappings from resource: Employee.hbm.xml
Sep 30, 2024 1:22:42 AM org.hibernate.cfg.Configuration addResource
INFO: HHH000221: Reading mappings from resource: Address.hbm.xml
Sep 30, 2024 1:22:42 AM org.hibernate.cfg.Configuration addResource
INFO: HHH000221: Reading mappings from resource: EmployeeDepartment.hbm.xml
Sep 30, 2024 1:22:42 AM org.hibernate.cfg.Configuration doConfigure
INFO: HHH000041: Configured SessionFactory: null
Sep 30, 2024 1:22:42 AM org.hibernate.service.jdbc.connections.internal.ConnectionProviderInitiator c3p0ProviderPresent
WARN: HHH000022: c3p0 properties were encountered, but the org.hibernate.service.jdbc.connections.internal.C3P0ConnectionProvider provider class was not found on the classpath; these properties are going to be ignored.
Sep 30, 2024 1:22:42 AM org.hibernate.service.jdbc.connections.internal.DriverManagerConnectionProviderImpl configure
WARN: HHH000402: Using Hibernate built-in connection pool (not for production use!)
Sep 30, 2024 1:22:42 AM org.hibernate.service.jdbc.connections.internal.DriverManagerConnectionProviderImpl configure
INFO: HHH000115: Hibernate connection pool size: 20
Sep 30, 2024 1:22:42 AM org.hibernate.service.jdbc.connections.internal.DriverManagerConnectionProviderImpl configure
INFO: HHH000006: Autocommit mode: false
Sep 30, 2024 1:22:42 AM org.hibernate.service.jdbc.connections.internal.DriverManagerConnectionProviderImpl configure
INFO: HHH000401: using driver [com.microsoft.sqlserver.jdbc.SQLServerDriver] at URL [jdbc:sqlserver://phani\\SQLEXPRESS:1433;databaseName=EmployeeInfo;encrypt=true;trustServerCertificate=true]
Sep 30, 2024 1:22:42 AM org.hibernate.service.jdbc.connections.internal.DriverManagerConnectionProviderImpl configure
INFO: HHH000046: Connection properties: {password=****, user=phani}
Sep 30, 2024 1:22:42 AM org.hibernate.dialect.Dialect <init>
INFO: HHH000400: Using dialect: org.hibernate.dialect.SQLServerDialect
Sep 30, 2024 1:22:42 AM org.hibernate.engine.transaction.internal.TransactionFactoryInitiator initiateService
INFO: HHH000399: Using default transaction strategy (direct JDBC transactions)
Sep 30, 2024 1:22:42 AM org.hibernate.hql.internal.ast.ASTQueryTranslatorFactory <init>
INFO: HHH000397: Using ASTQueryTranslatorFactory
Sep 30, 2024 1:22:42 AM org.hibernate.tool.hbm2ddl.SchemaUpdate execute
INFO: HHH000228: Running hbm2ddl schema update
Sep 30, 2024 1:22:42 AM org.hibernate.tool.hbm2ddl.SchemaUpdate execute
INFO: HHH000102: Fetching database metadata
Sep 30, 2024 1:22:42 AM org.hibernate.tool.hbm2ddl.SchemaUpdate execute
INFO: HHH000396: Updating schema
Sep 30, 2024 1:22:43 AM org.hibernate.tool.hbm2ddl.TableMetadata <init>
INFO: HHH000261: Table found: EmployeeInfo.dbo.Address
Sep 30, 2024 1:22:43 AM org.hibernate.tool.hbm2ddl.TableMetadata <init>
INFO: HHH000037: Columns: [country, city, street, addressid]
Sep 30, 2024 1:22:43 AM org.hibernate.tool.hbm2ddl.TableMetadata <init>
INFO: HHH000108: Foreign keys: []
Sep 30, 2024 1:22:43 AM org.hibernate.tool.hbm2ddl.TableMetadata <init>
INFO: HHH000126: Indexes: [pk__address__091c2a1b694c45da]
Sep 30, 2024 1:22:44 AM org.hibernate.tool.hbm2ddl.TableMetadata <init>
INFO: HHH000261: Table found: EmployeeInfo.dbo.Employee
Sep 30, 2024 1:22:44 AM org.hibernate.tool.hbm2ddl.TableMetadata <init>
INFO: HHH000037: Columns: [firstname, employeeid, lastname, addressid]
Sep 30, 2024 1:22:44 AM org.hibernate.tool.hbm2ddl.TableMetadata <init>
INFO: HHH000108: Foreign keys: [fk__employee__addres__3f466844, fk_nre5lovrsysdbvdtqwh762w38]
Sep 30, 2024 1:22:44 AM org.hibernate.tool.hbm2ddl.TableMetadata <init>
INFO: HHH000126: Indexes: [pk__employee__7ad04ff1966f29d5]
Sep 30, 2024 1:22:44 AM org.hibernate.tool.hbm2ddl.TableMetadata <init>
INFO: HHH000261: Table found: EmployeeInfo.dbo.EmployeeDepartment
Sep 30, 2024 1:22:44 AM org.hibernate.tool.hbm2ddl.TableMetadata <init>
INFO: HHH000037: Columns: [departmentid, employeeid]
Sep 30, 2024 1:22:44 AM org.hibernate.tool.hbm2ddl.TableMetadata <init>
INFO: HHH000108: Foreign keys: []
Sep 30, 2024 1:22:44 AM org.hibernate.tool.hbm2ddl.TableMetadata <init>
INFO: HHH000126: Indexes: [pk__employee__b1f0364dece731bb]
Sep 30, 2024 1:22:44 AM org.hibernate.tool.hbm2ddl.SchemaUpdate execute
INFO: HHH000232: Schema update complete
]]></system-err>
  </testcase>
</testsuite>